# JRE version: Java(TM) SE Runtime Environment (9.0+11) (build 9.0.4+11)
# Java VM: Java HotSpot(TM) 64-Bit Server VM (9.0.4+11, mixed mode, tiered, compressed oops, g1 gc, linux-amd64)
Heap:
 garbage-first heap   total 514048K, used 287333K [0x00000005cb200000, 0x00000005cb4007d8, 0x00000007c0000000)
  region size 2048K, 137 young (280576K), 3 survivors (6144K)
 Metaspace       used 29233K, capacity 32356K, committed 32640K, reserved 1077248K
  class space    used 3667K, capacity 4140K, committed 4224K, reserved 1048576K
GC Heap History (10 events):
Event: 6,632 GC heap before
{Heap before GC invocations=3 (full 0):
 garbage-first heap   total 514048K, used 28442K [0x00000005cb200000, 0x00000005cb4007d8, 0x00000007c0000000)
  region size 2048K, 13 young (26624K), 4 survivors (8192K)
 Metaspace       used 22902K, capacity 24528K, committed 24832K, reserved 1071104K
  class space    used 2924K, capacity 3236K, committed 3328K, reserved 1048576K
}
Event: 6,640 GC heap after
{Heap after GC invocations=4 (full 0):
 garbage-first heap   total 514048K, used 9324K [0x00000005cb200000, 0x00000005cb4007d8, 0x00000007c0000000)
  region size 2048K, 1 young (2048K), 1 survivors (2048K)
 Metaspace       used 22902K, capacity 24528K, committed 24832K, reserved 1071104K
  class space    used 2924K, capacity 3236K, committed 3328K, reserved 1048576K
}
Event: 6730,674 GC heap before
{Heap before GC invocations=4 (full 0):
 garbage-first heap   total 514048K, used 83052K [0x00000005cb200000, 0x00000005cb4007d8, 0x00000007c0000000)
  region size 2048K, 36 young (73728K), 1 survivors (2048K)
 Metaspace       used 28977K, capacity 32042K, committed 32384K, reserved 1077248K
  class space    used 3664K, capacity 4105K, committed 4224K, reserved 1048576K
}
Event: 6730,686 GC heap after
{Heap after GC invocations=5 (full 0):
 garbage-first heap   total 514048K, used 13765K [0x00000005cb200000, 0x00000005cb4007d8, 0x00000007c0000000)
  region size 2048K, 3 young (6144K), 3 survivors (6144K)
 Metaspace       used 28977K, capacity 32042K, committed 32384K, reserved 1077248K
  class space    used 3664K, capacity 4105K, committed 4224K, reserved 1048576K
}
Event: 7589,994 GC heap before
{Heap before GC invocations=5 (full 0):
 garbage-first heap   total 514048K, used 105925K [0x00000005cb200000, 0x00000005cb4007d8, 0x00000007c0000000)
  region size 2048K, 48 young (98304K), 3 survivors (6144K)
 Metaspace       used 29084K, capacity 32174K, committed 32384K, reserved 1077248K
  class space    used 3664K, capacity 4105K, committed 4224K, reserved 1048576K
}
Event: 7590,001 GC heap after
{Heap after GC invocations=6 (full 0):
 garbage-first heap   total 514048K, used 14015K [0x00000005cb200000, 0x00000005cb4007d8, 0x00000007c0000000)
  region size 2048K, 3 young (6144K), 3 survivors (6144K)
 Metaspace       used 29084K, capacity 32174K, committed 32384K, reserved 1077248K
  class space    used 3664K, capacity 4105K, committed 4224K, reserved 1048576K
}
Event: 10939,919 GC heap before
{Heap before GC invocations=6 (full 0):
 garbage-first heap   total 514048K, used 315071K [0x00000005cb200000, 0x00000005cb4007d8, 0x00000007c0000000)
  region size 2048K, 150 young (307200K), 3 survivors (6144K)
 Metaspace       used 29227K, capacity 32356K, committed 32640K, reserved 1077248K
  class space    used 3666K, capacity 4140K, committed 4224K, reserved 1048576K
}
Event: 10939,927 GC heap after
{Heap after GC invocations=7 (full 0):
 garbage-first heap   total 514048K, used 14706K [0x00000005cb200000, 0x00000005cb4007d8, 0x00000007c0000000)
  region size 2048K, 3 young (6144K), 3 survivors (6144K)
 Metaspace       used 29227K, capacity 32356K, committed 32640K, reserved 1077248K
  class space    used 3666K, capacity 4140K, committed 4224K, reserved 1048576K
}
Event: 14521,045 GC heap before
{Heap before GC invocations=7 (full 0):
 garbage-first heap   total 514048K, used 315762K [0x00000005cb200000, 0x00000005cb4007d8, 0x00000007c0000000)
  region size 2048K, 150 young (307200K), 3 survivors (6144K)
 Metaspace       used 29230K, capacity 32356K, committed 32640K, reserved 1077248K
  class space    used 3666K, capacity 4140K, committed 4224K, reserved 1048576K
}
Event: 14521,056 GC heap after
{Heap after GC invocations=8 (full 0):
 garbage-first heap   total 514048K, used 14949K [0x00000005cb200000, 0x00000005cb4007d8, 0x00000007c0000000)
  region size 2048K, 3 young (6144K), 3 survivors (6144K)
 Metaspace       used 29230K, capacity 32356K, committed 32640K, reserved 1077248K
  class space    used 3666K, capacity 4140K, committed 4224K, reserved 1048576K
}

