# JRE version: Java(TM) SE Runtime Environment (9.0+11) (build 9.0.4+11)
# Java VM: Java HotSpot(TM) 64-Bit Server VM (9.0.4+11, mixed mode, tiered, compressed oops, g1 gc, linux-amd64)
Heap:
 garbage-first heap   total 63488K, used 24878K [0x00000000c3800000, 0x00000000c39001f0, 0x0000000100000000)
  region size 1024K, 14 young (14336K), 2 survivors (2048K)
 Metaspace       used 27033K, capacity 29932K, committed 30080K, reserved 1075200K
  class space    used 3527K, capacity 3948K, committed 3968K, reserved 1048576K
GC Heap History (8 events):
Event: 12,896 GC heap before
{Heap before GC invocations=0 (full 0):
 garbage-first heap   total 63488K, used 14336K [0x00000000c3800000, 0x00000000c39001f0, 0x0000000100000000)
  region size 1024K, 14 young (14336K), 0 survivors (0K)
 Metaspace       used 15027K, capacity 15924K, committed 16256K, reserved 1062912K
  class space    used 1625K, capacity 1801K, committed 1920K, reserved 1048576K
}
Event: 12,903 GC heap after
{Heap after GC invocations=1 (full 0):
 garbage-first heap   total 63488K, used 4079K [0x00000000c3800000, 0x00000000c39001f0, 0x0000000100000000)
  region size 1024K, 2 young (2048K), 2 survivors (2048K)
 Metaspace       used 15027K, capacity 15924K, committed 16256K, reserved 1062912K
  class space    used 1625K, capacity 1801K, committed 1920K, reserved 1048576K
}
Event: 13,552 GC heap before
{Heap before GC invocations=1 (full 0):
 garbage-first heap   total 63488K, used 6127K [0x00000000c3800000, 0x00000000c39001f0, 0x0000000100000000)
  region size 1024K, 4 young (4096K), 2 survivors (2048K)
 Metaspace       used 16002K, capacity 16886K, committed 17152K, reserved 1064960K
  class space    used 1796K, capacity 1968K, committed 2048K, reserved 1048576K
}
Event: 13,557 GC heap after
{Heap after GC invocations=2 (full 0):
 garbage-first heap   total 63488K, used 4943K [0x00000000c3800000, 0x00000000c39001f0, 0x0000000100000000)
  region size 1024K, 1 young (1024K), 1 survivors (1024K)
 Metaspace       used 16002K, capacity 16886K, committed 17152K, reserved 1064960K
  class space    used 1796K, capacity 1968K, committed 2048K, reserved 1048576K
}
Event: 15,775 GC heap before
{Heap before GC invocations=2 (full 0):
 garbage-first heap   total 63488K, used 14159K [0x00000000c3800000, 0x00000000c39001f0, 0x0000000100000000)
  region size 1024K, 11 young (11264K), 1 survivors (1024K)
 Metaspace       used 19952K, capacity 21198K, committed 21296K, reserved 1069056K
  class space    used 2425K, capacity 2668K, committed 2688K, reserved 1048576K
}
Event: 15,785 GC heap after
{Heap after GC invocations=3 (full 0):
 garbage-first heap   total 63488K, used 10027K [0x00000000c3800000, 0x00000000c39001f0, 0x0000000100000000)
  region size 1024K, 3 young (3072K), 3 survivors (3072K)
 Metaspace       used 19952K, capacity 21198K, committed 21296K, reserved 1069056K
  class space    used 2425K, capacity 2668K, committed 2688K, reserved 1048576K
}
Event: 21,493 GC heap before
{Heap before GC invocations=4 (full 0):
 garbage-first heap   total 63488K, used 28459K [0x00000000c3800000, 0x00000000c39001f0, 0x0000000100000000)
  region size 1024K, 21 young (21504K), 3 survivors (3072K)
 Metaspace       used 22846K, capacity 24442K, committed 24576K, reserved 1071104K
  class space    used 2918K, capacity 3205K, committed 3328K, reserved 1048576K
}
Event: 21,498 GC heap after
{Heap after GC invocations=5 (full 0):
 garbage-first heap   total 63488K, used 11566K [0x00000000c3800000, 0x00000000c39001f0, 0x0000000100000000)
  region size 1024K, 2 young (2048K), 2 survivors (2048K)
 Metaspace       used 22846K, capacity 24442K, committed 24576K, reserved 1071104K
  class space    used 2918K, capacity 3205K, committed 3328K, reserved 1048576K
}

