# JRE version: Java(TM) SE Runtime Environment (9.0+11) (build 9.0.4+11)
# Java VM: Java HotSpot(TM) 64-Bit Server VM (9.0.4+11, mixed mode, tiered, compressed oops, g1 gc, linux-amd64)
Heap:
 garbage-first heap   total 514048K, used 249715K [0x00000005cb200000, 0x00000005cb4007d8, 0x00000007c0000000)
  region size 2048K, 116 young (237568K), 1 survivors (2048K)
 Metaspace       used 34156K, capacity 38010K, committed 38096K, reserved 1083392K
  class space    used 4211K, capacity 4859K, committed 4864K, reserved 1048576K
GC Heap History (10 events):
Event: 100729,748 GC heap before
{Heap before GC invocations=37 (full 0):
 garbage-first heap   total 514048K, used 321411K [0x00000005cb200000, 0x00000005cb4007d8, 0x00000007c0000000)
  region size 2048K, 150 young (307200K), 1 survivors (2048K)
 Metaspace       used 34153K, capacity 38010K, committed 38096K, reserved 1083392K
  class space    used 4210K, capacity 4859K, committed 4864K, reserved 1048576K
}
Event: 100729,761 GC heap after
{Heap after GC invocations=38 (full 0):
 garbage-first heap   total 514048K, used 16233K [0x00000005cb200000, 0x00000005cb4007d8, 0x00000007c0000000)
  region size 2048K, 1 young (2048K), 1 survivors (2048K)
 Metaspace       used 34153K, capacity 38010K, committed 38096K, reserved 1083392K
  class space    used 4210K, capacity 4859K, committed 4864K, reserved 1048576K
}
Event: 104210,015 GC heap before
{Heap before GC invocations=38 (full 0):
 garbage-first heap   total 514048K, used 321385K [0x00000005cb200000, 0x00000005cb4007d8, 0x00000007c0000000)
  region size 2048K, 150 young (307200K), 1 survivors (2048K)
 Metaspace       used 34153K, capacity 38010K, committed 38096K, reserved 1083392K
  class space    used 4210K, capacity 4859K, committed 4864K, reserved 1048576K
}
Event: 104210,026 GC heap after
{Heap after GC invocations=39 (full 0):
 garbage-first heap   total 514048K, used 16207K [0x00000005cb200000, 0x00000005cb4007d8, 0x00000007c0000000)
  region size 2048K, 1 young (2048K), 1 survivors (2048K)
 Metaspace       used 34153K, capacity 38010K, committed 38096K, reserved 1083392K
  class space    used 4210K, capacity 4859K, committed 4864K, reserved 1048576K
}
Event: 107692,319 GC heap before
{Heap before GC invocations=39 (full 0):
 garbage-first heap   total 514048K, used 321359K [0x00000005cb200000, 0x00000005cb4007d8, 0x00000007c0000000)
  region size 2048K, 150 young (307200K), 1 survivors (2048K)
 Metaspace       used 34153K, capacity 38010K, committed 38096K, reserved 1083392K
  class space    used 4210K, capacity 4859K, committed 4864K, reserved 1048576K
}
Event: 107692,333 GC heap after
{Heap after GC invocations=40 (full 0):
 garbage-first heap   total 514048K, used 16260K [0x00000005cb200000, 0x00000005cb4007d8, 0x00000007c0000000)
  region size 2048K, 1 young (2048K), 1 survivors (2048K)
 Metaspace       used 34153K, capacity 38010K, committed 38096K, reserved 1083392K
  class space    used 4210K, capacity 4859K, committed 4864K, reserved 1048576K
}
Event: 111171,017 GC heap before
{Heap before GC invocations=40 (full 0):
 garbage-first heap   total 514048K, used 321412K [0x00000005cb200000, 0x00000005cb4007d8, 0x00000007c0000000)
  region size 2048K, 150 young (307200K), 1 survivors (2048K)
 Metaspace       used 34153K, capacity 38010K, committed 38096K, reserved 1083392K
  class space    used 4210K, capacity 4859K, committed 4864K, reserved 1048576K
}
Event: 111171,031 GC heap after
{Heap after GC invocations=41 (full 0):
 garbage-first heap   total 514048K, used 16245K [0x00000005cb200000, 0x00000005cb4007d8, 0x00000007c0000000)
  region size 2048K, 1 young (2048K), 1 survivors (2048K)
 Metaspace       used 34153K, capacity 38010K, committed 38096K, reserved 1083392K
  class space    used 4210K, capacity 4859K, committed 4864K, reserved 1048576K
}
Event: 114650,133 GC heap before
{Heap before GC invocations=41 (full 0):
 garbage-first heap   total 514048K, used 321397K [0x00000005cb200000, 0x00000005cb4007d8, 0x00000007c0000000)
  region size 2048K, 150 young (307200K), 1 survivors (2048K)
 Metaspace       used 34153K, capacity 38010K, committed 38096K, reserved 1083392K
  class space    used 4210K, capacity 4859K, committed 4864K, reserved 1048576K
}
Event: 114650,142 GC heap after
{Heap after GC invocations=42 (full 0):
 garbage-first heap   total 514048K, used 16243K [0x00000005cb200000, 0x00000005cb4007d8, 0x00000007c0000000)
  region size 2048K, 1 young (2048K), 1 survivors (2048K)
 Metaspace       used 34153K, capacity 38010K, committed 38096K, reserved 1083392K
  class space    used 4210K, capacity 4859K, committed 4864K, reserved 1048576K
}

